<?xml version="1.0" encoding="UTF-8"?>
<!-- Generated by org.testng.reporters.JUnitXMLReporter -->
<testsuite hostname="Manju" ignored="0" name="Command line test" tests="2" failures="0" timestamp="2023-05-01T01:44:25 BST" time="0.034" errors="0">
  <testcase name="@BeforeMethod setUp" time="0.004" classname="com.saucedemo.testbase.BaseTest">
    <failure type="java.lang.NullPointerException">
      <![CDATA[java.lang.NullPointerException
at com.saucedemo.browserfactory.ManageBrowser.selectBrowser(ManageBrowser.java:18)
at com.saucedemo.testbase.BaseTest.setUp(BaseTest.java:15)
at java.util.ArrayList.forEach(ArrayList.java:1249)
... Removed 41 stack frames]]>
    </failure>
  </testcase> <!-- @BeforeMethod setUp -->
  <testcase name="@AfterMethod tearDown" time="0.0" classname="com.saucedemo.testbase.BaseTest">
    <skipped/>
  </testcase> <!-- @AfterMethod tearDown -->
  <testcase name="@BeforeMethod setUp" time="0.0" classname="com.saucedemo.testbase.BaseTest">
    <skipped/>
  </testcase> <!-- @BeforeMethod setUp -->
  <testcase name="@AfterMethod tearDown" time="0.0" classname="com.saucedemo.testbase.BaseTest">
    <skipped/>
  </testcase> <!-- @AfterMethod tearDown -->
  <testcase name="userShouldLoginSuccessfullyWithValidCredentials" time="0.0" classname="com.saucedemo.testsuite.LoginTest">
    <skipped/>
  </testcase> <!-- userShouldLoginSuccessfullyWithValidCredentials -->
  <testcase name="verifyThatSixProductsAreDisplayedOnPage" time="0.0" classname="com.saucedemo.testsuite.LoginTest">
    <skipped/>
  </testcase> <!-- verifyThatSixProductsAreDisplayedOnPage -->
</testsuite> <!-- Command line test -->
